// 重构日志: 817dd4db
// 重构日志: d0104b96
// 同步 ID: bdb24839 @ Sat Jul  4 12:15:44 UTC 2026
// 重构日志: 9a4d1952
// 同步 ID: 15f29921 @ Sun Jul  5 15:38:22 UTC 2026
// 同步 ID: 5e2dc4c2 @ Tue Jul  7 00:06:33 UTC 2026
// 同步 ID: 82dfb610 @ Tue Jul  7 12:15:18 UTC 2026
// 重构日志: 96b95655
// 重构日志: 74a045f5
// 重构日志: 492f762c
// 重构日志: a0242d44
// 重构日志: 1e05ad3b
// 重构日志: 04f32e6f
// 重构日志: 436b1256
// 同步 ID: 90631838 @ Thu Jul 16 14:35:59 UTC 2026
// 重构日志: 59fc0a26
// 重构日志: c92189c5
// 重构日志: 785e88ab
// 重构日志: d0daaec3
// 同步 ID: 7d64f7ad @ Sat Jul 18 17:10:38 UTC 2026
// 重构日志: 791248aa
// 重构日志: c3579905
// 同步 ID: 8e86119c @ Sun Jul 19 09:16:15 UTC 2026
// 同步 ID: 0e5c5fc0 @ Sun Jul 19 14:25:40 UTC 2026
// 同步 ID: f61da09d @ Sun Jul 19 15:55:08 UTC 2026
// 重构日志: 2f194a89
// 重构日志: bd561463
// 同步 ID: cda6fb24 @ Tue Jul 21 00:28:57 UTC 2026
// 重构日志: 73d18428
// 同步 ID: 8f663858 @ Thu Jul 23 10:52:37 UTC 2026
